<?xml version="1.0" encoding="UTF-8"?>
<testsuite name="agiletrack.UserStoryControllerSpec" tests="7" skipped="0" failures="5" errors="0" timestamp="2016-03-27T17:08:46" hostname="ubuntu" time="5.135">
  <properties/>
  <testcase name="Test the index action returns the correct model" classname="agiletrack.UserStoryControllerSpec" time="4.291"/>
  <testcase name="Test the create action returns the correct model" classname="agiletrack.UserStoryControllerSpec" time="0.131"/>
  <testcase name="Test the save action correctly persists an instance" classname="agiletrack.UserStoryControllerSpec" time="0.1">
    <failure message="Condition not satisfied:&#10;&#10;false&#10;&#10;TODO: Provide a populateValidParams() implementation for this generated test suite&#10;" type="org.spockframework.runtime.ConditionNotSatisfiedError">Condition not satisfied:

false

TODO: Provide a populateValidParams() implementation for this generated test suite

	at agiletrack.UserStoryControllerSpec.populateValidParams(UserStoryControllerSpec.groovy:15)
	at agiletrack.UserStoryControllerSpec.Test the save action correctly persists an instance(UserStoryControllerSpec.groovy:51)
</failure>
  </testcase>
  <testcase name="Test that the show action returns the correct model" classname="agiletrack.UserStoryControllerSpec" time="0.023">
    <failure message="Condition not satisfied:&#10;&#10;false&#10;&#10;TODO: Provide a populateValidParams() implementation for this generated test suite&#10;" type="org.spockframework.runtime.ConditionNotSatisfiedError">Condition not satisfied:

false

TODO: Provide a populateValidParams() implementation for this generated test suite

	at agiletrack.UserStoryControllerSpec.populateValidParams(UserStoryControllerSpec.groovy:15)
	at agiletrack.UserStoryControllerSpec.Test that the show action returns the correct model(UserStoryControllerSpec.groovy:70)
</failure>
  </testcase>
  <testcase name="Test that the edit action returns the correct model" classname="agiletrack.UserStoryControllerSpec" time="0.02">
    <failure message="Condition not satisfied:&#10;&#10;false&#10;&#10;TODO: Provide a populateValidParams() implementation for this generated test suite&#10;" type="org.spockframework.runtime.ConditionNotSatisfiedError">Condition not satisfied:

false

TODO: Provide a populateValidParams() implementation for this generated test suite

	at agiletrack.UserStoryControllerSpec.populateValidParams(UserStoryControllerSpec.groovy:15)
	at agiletrack.UserStoryControllerSpec.Test that the edit action returns the correct model(UserStoryControllerSpec.groovy:86)
</failure>
  </testcase>
  <testcase name="Test the update action performs an update on a valid domain instance" classname="agiletrack.UserStoryControllerSpec" time="0.546">
    <failure message="Condition not satisfied:&#10;&#10;false&#10;&#10;TODO: Provide a populateValidParams() implementation for this generated test suite&#10;" type="org.spockframework.runtime.ConditionNotSatisfiedError">Condition not satisfied:

false

TODO: Provide a populateValidParams() implementation for this generated test suite

	at agiletrack.UserStoryControllerSpec.populateValidParams(UserStoryControllerSpec.groovy:15)
	at agiletrack.UserStoryControllerSpec.Test the update action performs an update on a valid domain instance(UserStoryControllerSpec.groovy:116)
</failure>
  </testcase>
  <testcase name="Test that the delete action deletes an instance if it exists" classname="agiletrack.UserStoryControllerSpec" time="0.024">
    <failure message="Condition not satisfied:&#10;&#10;false&#10;&#10;TODO: Provide a populateValidParams() implementation for this generated test suite&#10;" type="org.spockframework.runtime.ConditionNotSatisfiedError">Condition not satisfied:

false

TODO: Provide a populateValidParams() implementation for this generated test suite

	at agiletrack.UserStoryControllerSpec.populateValidParams(UserStoryControllerSpec.groovy:15)
	at agiletrack.UserStoryControllerSpec.Test that the delete action deletes an instance if it exists(UserStoryControllerSpec.groovy:138)
</failure>
  </testcase>
  <system-out><![CDATA[]]></system-out>
  <system-err><![CDATA[]]></system-err>
</testsuite>
