<?xml version="1.0" encoding="UTF-8"?>
<testsuite name="agiletrack.OwnerTaskControllerSpec" tests="7" skipped="0" failures="5" errors="0" timestamp="2016-03-27T17:08:54" hostname="ubuntu" time="0.438">
  <properties/>
  <testcase name="Test the index action returns the correct model" classname="agiletrack.OwnerTaskControllerSpec" time="0.286"/>
  <testcase name="Test the create action returns the correct model" classname="agiletrack.OwnerTaskControllerSpec" time="0.012"/>
  <testcase name="Test the save action correctly persists an instance" classname="agiletrack.OwnerTaskControllerSpec" time="0.012">
    <failure message="Condition not satisfied:&#10;&#10;false&#10;&#10;TODO: Provide a populateValidParams() implementation for this generated test suite&#10;" type="org.spockframework.runtime.ConditionNotSatisfiedError">Condition not satisfied:

false

TODO: Provide a populateValidParams() implementation for this generated test suite

	at agiletrack.OwnerTaskControllerSpec.populateValidParams(OwnerTaskControllerSpec.groovy:15)
	at agiletrack.OwnerTaskControllerSpec.Test the save action correctly persists an instance(OwnerTaskControllerSpec.groovy:51)
</failure>
  </testcase>
  <testcase name="Test that the show action returns the correct model" classname="agiletrack.OwnerTaskControllerSpec" time="0.013">
    <failure message="Condition not satisfied:&#10;&#10;false&#10;&#10;TODO: Provide a populateValidParams() implementation for this generated test suite&#10;" type="org.spockframework.runtime.ConditionNotSatisfiedError">Condition not satisfied:

false

TODO: Provide a populateValidParams() implementation for this generated test suite

	at agiletrack.OwnerTaskControllerSpec.populateValidParams(OwnerTaskControllerSpec.groovy:15)
	at agiletrack.OwnerTaskControllerSpec.Test that the show action returns the correct model(OwnerTaskControllerSpec.groovy:70)
</failure>
  </testcase>
  <testcase name="Test that the edit action returns the correct model" classname="agiletrack.OwnerTaskControllerSpec" time="0.014">
    <failure message="Condition not satisfied:&#10;&#10;false&#10;&#10;TODO: Provide a populateValidParams() implementation for this generated test suite&#10;" type="org.spockframework.runtime.ConditionNotSatisfiedError">Condition not satisfied:

false

TODO: Provide a populateValidParams() implementation for this generated test suite

	at agiletrack.OwnerTaskControllerSpec.populateValidParams(OwnerTaskControllerSpec.groovy:15)
	at agiletrack.OwnerTaskControllerSpec.Test that the edit action returns the correct model(OwnerTaskControllerSpec.groovy:86)
</failure>
  </testcase>
  <testcase name="Test the update action performs an update on a valid domain instance" classname="agiletrack.OwnerTaskControllerSpec" time="0.084">
    <failure message="Condition not satisfied:&#10;&#10;false&#10;&#10;TODO: Provide a populateValidParams() implementation for this generated test suite&#10;" type="org.spockframework.runtime.ConditionNotSatisfiedError">Condition not satisfied:

false

TODO: Provide a populateValidParams() implementation for this generated test suite

	at agiletrack.OwnerTaskControllerSpec.populateValidParams(OwnerTaskControllerSpec.groovy:15)
	at agiletrack.OwnerTaskControllerSpec.Test the update action performs an update on a valid domain instance(OwnerTaskControllerSpec.groovy:116)
</failure>
  </testcase>
  <testcase name="Test that the delete action deletes an instance if it exists" classname="agiletrack.OwnerTaskControllerSpec" time="0.015">
    <failure message="Condition not satisfied:&#10;&#10;false&#10;&#10;TODO: Provide a populateValidParams() implementation for this generated test suite&#10;" type="org.spockframework.runtime.ConditionNotSatisfiedError">Condition not satisfied:

false

TODO: Provide a populateValidParams() implementation for this generated test suite

	at agiletrack.OwnerTaskControllerSpec.populateValidParams(OwnerTaskControllerSpec.groovy:15)
	at agiletrack.OwnerTaskControllerSpec.Test that the delete action deletes an instance if it exists(OwnerTaskControllerSpec.groovy:138)
</failure>
  </testcase>
  <system-out><![CDATA[]]></system-out>
  <system-err><![CDATA[]]></system-err>
</testsuite>
